{"/home/r4him/Desktop/github-portfolio/dz-stores-db/src/models/user.model.ts": {"path":"/home/r4him/Desktop/github-portfolio/dz-stores-db/src/models/user.model.ts","statementMap":{"0":{"start":{"line":1,"column":0},"end":{"line":1,"column":32}},"1":{"start":{"line":2,"column":0},"end":{"line":2,"column":30}},"2":{"start":{"line":33,"column":19},"end":{"line":83,"column":null}},"3":{"start":{"line":87,"column":0},"end":{"line":98,"column":3}},"4":{"start":{"line":88,"column":2},"end":{"line":90,"column":3}},"5":{"start":{"line":89,"column":4},"end":{"line":89,"column":18}},"6":{"start":{"line":91,"column":2},"end":{"line":97,"column":3}},"7":{"start":{"line":92,"column":23},"end":{"line":92,"column":79}},"8":{"start":{"line":93,"column":4},"end":{"line":93,"column":65}},"9":{"start":{"line":94,"column":4},"end":{"line":94,"column":11}},"10":{"start":{"line":96,"column":4},"end":{"line":96,"column":16}},"11":{"start":{"line":100,"column":13},"end":{"line":100,"column":62}},"12":{"start":{"line":101,"column":0},"end":{"line":101,"column":20}}},"fnMap":{"0":{"name":"(anonymous_8)","decl":{"start":{"line":87,"column":23},"end":{"line":87,"column":39}},"loc":{"start":{"line":87,"column":43},"end":{"line":98,"column":2}}}},"branchMap":{"0":{"loc":{"start":{"line":88,"column":2},"end":{"line":90,"column":3}},"type":"if","locations":[{"start":{"line":88,"column":2},"end":{"line":90,"column":3}}]},"1":{"loc":{"start":{"line":92,"column":23},"end":{"line":92,"column":79}},"type":"cond-expr","locations":[{"start":{"line":92,"column":43},"end":{"line":92,"column":74}},{"start":{"line":92,"column":77},"end":{"line":92,"column":79}}]}},"s":{"0":1,"1":1,"2":1,"3":1,"4":0,"5":0,"6":0,"7":0,"8":0,"9":0,"10":0,"11":1,"12":1},"f":{"0":0},"b":{"0":[0],"1":[0,0]}}
,"/home/r4him/Desktop/github-portfolio/dz-stores-db/src/services/auth.service.ts": {"path":"/home/r4him/Desktop/github-portfolio/dz-stores-db/src/services/auth.service.ts","statementMap":{"0":{"start":{"line":1,"column":0},"end":{"line":1,"column":59}},"1":{"start":{"line":2,"column":0},"end":{"line":2,"column":28}},"2":{"start":{"line":3,"column":0},"end":{"line":3,"column":30}},"3":{"start":{"line":5,"column":0},"end":{"line":5,"column":null}},"4":{"start":{"line":10,"column":0},"end":{"line":10,"column":45}},"5":{"start":{"line":11,"column":0},"end":{"line":11,"column":63}},"6":{"start":{"line":12,"column":0},"end":{"line":12,"column":37}},"7":{"start":{"line":31,"column":29},"end":{"line":67,"column":2}},"8":{"start":{"line":33,"column":40},"end":{"line":67,"column":2}},"9":{"start":{"line":34,"column":2},"end":{"line":66,"column":3}},"10":{"start":{"line":35,"column":28},"end":{"line":35,"column":66}},"11":{"start":{"line":36,"column":26},"end":{"line":36,"column":53}},"12":{"start":{"line":38,"column":17},"end":{"line":38,"column":62}},"13":{"start":{"line":39,"column":4},"end":{"line":39,"column":63}},"14":{"start":{"line":39,"column":14},"end":{"line":39,"column":63}},"15":{"start":{"line":41,"column":20},"end":{"line":47,"column":6}},"16":{"start":{"line":49,"column":4},"end":{"line":53,"column":6}},"17":{"start":{"line":55,"column":4},"end":{"line":55,"column":19}},"18":{"start":{"line":57,"column":4},"end":{"line":57,"column":55}},"19":{"start":{"line":61,"column":4},"end":{"line":61,"column":43}},"20":{"start":{"line":61,"column":33},"end":{"line":61,"column":43}},"21":{"start":{"line":64,"column":4},"end":{"line":64,"column":59}},"22":{"start":{"line":65,"column":4},"end":{"line":65,"column":46}},"23":{"start":{"line":31,"column":13},"end":{"line":31,"column":29}},"24":{"start":{"line":82,"column":28},"end":{"line":118,"column":2}},"25":{"start":{"line":84,"column":32},"end":{"line":118,"column":2}},"26":{"start":{"line":85,"column":2},"end":{"line":117,"column":3}},"27":{"start":{"line":86,"column":17},"end":{"line":86,"column":62}},"28":{"start":{"line":87,"column":4},"end":{"line":89,"column":5}},"29":{"start":{"line":88,"column":6},"end":{"line":88,"column":49}},"30":{"start":{"line":91,"column":20},"end":{"line":91,"column":74}},"31":{"start":{"line":92,"column":4},"end":{"line":94,"column":5}},"32":{"start":{"line":93,"column":6},"end":{"line":93,"column":54}},"33":{"start":{"line":96,"column":4},"end":{"line":101,"column":5}},"34":{"start":{"line":97,"column":6},"end":{"line":100,"column":8}},"35":{"start":{"line":103,"column":24},"end":{"line":103,"column":60}},"36":{"start":{"line":104,"column":25},"end":{"line":104,"column":70}},"37":{"start":{"line":106,"column":4},"end":{"line":109,"column":null}},"38":{"start":{"line":112,"column":4},"end":{"line":112,"column":53}},"39":{"start":{"line":115,"column":4},"end":{"line":115,"column":43}},"40":{"start":{"line":115,"column":33},"end":{"line":115,"column":43}},"41":{"start":{"line":116,"column":4},"end":{"line":116,"column":53}},"42":{"start":{"line":82,"column":13},"end":{"line":82,"column":28}},"43":{"start":{"line":136,"column":38},"end":{"line":164,"column":2}},"44":{"start":{"line":138,"column":22},"end":{"line":164,"column":2}},"45":{"start":{"line":139,"column":2},"end":{"line":163,"column":3}},"46":{"start":{"line":140,"column":17},"end":{"line":143,"column":6}},"47":{"start":{"line":145,"column":4},"end":{"line":147,"column":5}},"48":{"start":{"line":146,"column":6},"end":{"line":146,"column":69}},"49":{"start":{"line":149,"column":4},"end":{"line":151,"column":5}},"50":{"start":{"line":150,"column":6},"end":{"line":150,"column":62}},"51":{"start":{"line":153,"column":4},"end":{"line":153,"column":25}},"52":{"start":{"line":154,"column":4},"end":{"line":154,"column":22}},"53":{"start":{"line":156,"column":4},"end":{"line":156,"column":25}},"54":{"start":{"line":158,"column":4},"end":{"line":158,"column":64}},"55":{"start":{"line":161,"column":4},"end":{"line":161,"column":43}},"56":{"start":{"line":161,"column":33},"end":{"line":161,"column":43}},"57":{"start":{"line":162,"column":4},"end":{"line":162,"column":53}},"58":{"start":{"line":136,"column":13},"end":{"line":136,"column":38}},"59":{"start":{"line":182,"column":37},"end":{"line":207,"column":2}},"60":{"start":{"line":184,"column":34},"end":{"line":207,"column":2}},"61":{"start":{"line":185,"column":2},"end":{"line":206,"column":3}},"62":{"start":{"line":186,"column":17},"end":{"line":186,"column":46}},"63":{"start":{"line":187,"column":4},"end":{"line":187,"column":57}},"64":{"start":{"line":187,"column":15},"end":{"line":187,"column":57}},"65":{"start":{"line":189,"column":28},"end":{"line":189,"column":66}},"66":{"start":{"line":190,"column":35},"end":{"line":190,"column":62}},"67":{"start":{"line":192,"column":4},"end":{"line":192,"column":43}},"68":{"start":{"line":193,"column":4},"end":{"line":193,"column":57}},"69":{"start":{"line":195,"column":4},"end":{"line":195,"column":16}},"70":{"start":{"line":197,"column":4},"end":{"line":197,"column":65}},"71":{"start":{"line":199,"column":4},"end":{"line":199,"column":16}},"72":{"start":{"line":201,"column":4},"end":{"line":201,"column":63}},"73":{"start":{"line":204,"column":4},"end":{"line":204,"column":43}},"74":{"start":{"line":204,"column":33},"end":{"line":204,"column":43}},"75":{"start":{"line":205,"column":4},"end":{"line":205,"column":53}},"76":{"start":{"line":182,"column":13},"end":{"line":182,"column":37}},"77":{"start":{"line":225,"column":42},"end":{"line":252,"column":2}},"78":{"start":{"line":228,"column":34},"end":{"line":252,"column":2}},"79":{"start":{"line":229,"column":2},"end":{"line":251,"column":3}},"80":{"start":{"line":230,"column":17},"end":{"line":234,"column":null}},"81":{"start":{"line":237,"column":4},"end":{"line":239,"column":5}},"82":{"start":{"line":238,"column":6},"end":{"line":238,"column":59}},"83":{"start":{"line":241,"column":4},"end":{"line":241,"column":32}},"84":{"start":{"line":242,"column":4},"end":{"line":242,"column":22}},"85":{"start":{"line":244,"column":4},"end":{"line":244,"column":16}},"86":{"start":{"line":246,"column":4},"end":{"line":246,"column":68}},"87":{"start":{"line":249,"column":4},"end":{"line":249,"column":43}},"88":{"start":{"line":249,"column":33},"end":{"line":249,"column":43}},"89":{"start":{"line":250,"column":4},"end":{"line":250,"column":53}},"90":{"start":{"line":225,"column":13},"end":{"line":225,"column":42}},"91":{"start":{"line":270,"column":37},"end":{"line":297,"column":2}},"92":{"start":{"line":270,"column":73},"end":{"line":297,"column":2}},"93":{"start":{"line":271,"column":2},"end":{"line":296,"column":3}},"94":{"start":{"line":272,"column":4},"end":{"line":274,"column":5}},"95":{"start":{"line":273,"column":6},"end":{"line":273,"column":80}},"96":{"start":{"line":276,"column":17},"end":{"line":276,"column":49}},"97":{"start":{"line":277,"column":4},"end":{"line":279,"column":5}},"98":{"start":{"line":278,"column":6},"end":{"line":278,"column":48}},"99":{"start":{"line":281,"column":20},"end":{"line":281,"column":65}},"100":{"start":{"line":282,"column":4},"end":{"line":284,"column":5}},"101":{"start":{"line":283,"column":6},"end":{"line":283,"column":54}},"102":{"start":{"line":286,"column":4},"end":{"line":286,"column":29}},"103":{"start":{"line":287,"column":4},"end":{"line":287,"column":22}},"104":{"start":{"line":289,"column":4},"end":{"line":289,"column":55}},"105":{"start":{"line":291,"column":4},"end":{"line":291,"column":63}},"106":{"start":{"line":294,"column":4},"end":{"line":294,"column":43}},"107":{"start":{"line":294,"column":33},"end":{"line":294,"column":43}},"108":{"start":{"line":295,"column":4},"end":{"line":295,"column":53}},"109":{"start":{"line":270,"column":13},"end":{"line":270,"column":37}}},"fnMap":{"0":{"name":"(anonymous_8)","decl":{"start":{"line":31,"column":29},"end":{"line":31,"column":null}},"loc":{"start":{"line":33,"column":40},"end":{"line":67,"column":2}}},"1":{"name":"(anonymous_9)","decl":{"start":{"line":33,"column":40},"end":{"line":33,"column":null}},"loc":{"start":{"line":33,"column":40},"end":{"line":67,"column":1}}},"2":{"name":"(anonymous_10)","decl":{"start":{"line":82,"column":28},"end":{"line":82,"column":null}},"loc":{"start":{"line":84,"column":32},"end":{"line":118,"column":2}}},"3":{"name":"(anonymous_11)","decl":{"start":{"line":84,"column":32},"end":{"line":84,"column":null}},"loc":{"start":{"line":84,"column":32},"end":{"line":118,"column":1}}},"4":{"name":"(anonymous_12)","decl":{"start":{"line":136,"column":38},"end":{"line":136,"column":null}},"loc":{"start":{"line":138,"column":22},"end":{"line":164,"column":2}}},"5":{"name":"(anonymous_13)","decl":{"start":{"line":138,"column":22},"end":{"line":138,"column":null}},"loc":{"start":{"line":138,"column":22},"end":{"line":164,"column":1}}},"6":{"name":"(anonymous_14)","decl":{"start":{"line":182,"column":37},"end":{"line":182,"column":null}},"loc":{"start":{"line":184,"column":34},"end":{"line":207,"column":2}}},"7":{"name":"(anonymous_15)","decl":{"start":{"line":184,"column":34},"end":{"line":184,"column":null}},"loc":{"start":{"line":184,"column":34},"end":{"line":207,"column":1}}},"8":{"name":"(anonymous_16)","decl":{"start":{"line":225,"column":42},"end":{"line":225,"column":null}},"loc":{"start":{"line":228,"column":34},"end":{"line":252,"column":2}}},"9":{"name":"(anonymous_17)","decl":{"start":{"line":228,"column":34},"end":{"line":228,"column":null}},"loc":{"start":{"line":228,"column":34},"end":{"line":252,"column":1}}},"10":{"name":"(anonymous_18)","decl":{"start":{"line":270,"column":37},"end":{"line":270,"column":44}},"loc":{"start":{"line":270,"column":73},"end":{"line":297,"column":2}}},"11":{"name":"(anonymous_19)","decl":{"start":{"line":270,"column":73},"end":{"line":270,"column":null}},"loc":{"start":{"line":270,"column":73},"end":{"line":297,"column":1}}}},"branchMap":{"0":{"loc":{"start":{"line":39,"column":4},"end":{"line":39,"column":63}},"type":"if","locations":[{"start":{"line":39,"column":4},"end":{"line":39,"column":63}}]},"1":{"loc":{"start":{"line":61,"column":4},"end":{"line":61,"column":43}},"type":"if","locations":[{"start":{"line":61,"column":4},"end":{"line":61,"column":43}}]},"2":{"loc":{"start":{"line":87,"column":4},"end":{"line":89,"column":5}},"type":"if","locations":[{"start":{"line":87,"column":4},"end":{"line":89,"column":5}}]},"3":{"loc":{"start":{"line":92,"column":4},"end":{"line":94,"column":5}},"type":"if","locations":[{"start":{"line":92,"column":4},"end":{"line":94,"column":5}}]},"4":{"loc":{"start":{"line":96,"column":4},"end":{"line":101,"column":5}},"type":"if","locations":[{"start":{"line":96,"column":4},"end":{"line":101,"column":5}}]},"5":{"loc":{"start":{"line":115,"column":4},"end":{"line":115,"column":43}},"type":"if","locations":[{"start":{"line":115,"column":4},"end":{"line":115,"column":43}}]},"6":{"loc":{"start":{"line":145,"column":4},"end":{"line":147,"column":5}},"type":"if","locations":[{"start":{"line":145,"column":4},"end":{"line":147,"column":5}}]},"7":{"loc":{"start":{"line":149,"column":4},"end":{"line":151,"column":5}},"type":"if","locations":[{"start":{"line":149,"column":4},"end":{"line":151,"column":5}}]},"8":{"loc":{"start":{"line":161,"column":4},"end":{"line":161,"column":43}},"type":"if","locations":[{"start":{"line":161,"column":4},"end":{"line":161,"column":43}}]},"9":{"loc":{"start":{"line":187,"column":4},"end":{"line":187,"column":57}},"type":"if","locations":[{"start":{"line":187,"column":4},"end":{"line":187,"column":57}}]},"10":{"loc":{"start":{"line":204,"column":4},"end":{"line":204,"column":43}},"type":"if","locations":[{"start":{"line":204,"column":4},"end":{"line":204,"column":43}}]},"11":{"loc":{"start":{"line":237,"column":4},"end":{"line":239,"column":5}},"type":"if","locations":[{"start":{"line":237,"column":4},"end":{"line":239,"column":5}}]},"12":{"loc":{"start":{"line":249,"column":4},"end":{"line":249,"column":43}},"type":"if","locations":[{"start":{"line":249,"column":4},"end":{"line":249,"column":43}}]},"13":{"loc":{"start":{"line":272,"column":4},"end":{"line":274,"column":5}},"type":"if","locations":[{"start":{"line":272,"column":4},"end":{"line":274,"column":5}}]},"14":{"loc":{"start":{"line":272,"column":8},"end":{"line":272,"column":30}},"type":"binary-expr","locations":[{"start":{"line":272,"column":8},"end":{"line":272,"column":17}},{"start":{"line":272,"column":21},"end":{"line":272,"column":30}}]},"15":{"loc":{"start":{"line":277,"column":4},"end":{"line":279,"column":5}},"type":"if","locations":[{"start":{"line":277,"column":4},"end":{"line":279,"column":5}}]},"16":{"loc":{"start":{"line":282,"column":4},"end":{"line":284,"column":5}},"type":"if","locations":[{"start":{"line":282,"column":4},"end":{"line":284,"column":5}}]},"17":{"loc":{"start":{"line":294,"column":4},"end":{"line":294,"column":43}},"type":"if","locations":[{"start":{"line":294,"column":4},"end":{"line":294,"column":43}}]}},"s":{"0":1,"1":1,"2":1,"3":1,"4":1,"5":1,"6":1,"7":1,"8":4,"9":4,"10":4,"11":2,"12":2,"13":2,"14":0,"15":2,"16":2,"17":1,"18":3,"19":3,"20":0,"21":3,"22":3,"23":1,"24":1,"25":4,"26":4,"27":4,"28":4,"29":1,"30":3,"31":3,"32":1,"33":2,"34":1,"35":1,"36":1,"37":1,"38":3,"39":3,"40":3,"41":0,"42":1,"43":1,"44":3,"45":3,"46":3,"47":3,"48":1,"49":2,"50":1,"51":1,"52":1,"53":1,"54":2,"55":2,"56":2,"57":0,"58":1,"59":1,"60":2,"61":2,"62":2,"63":2,"64":1,"65":1,"66":1,"67":1,"68":1,"69":1,"70":1,"71":1,"72":1,"73":1,"74":1,"75":0,"76":1,"77":1,"78":2,"79":2,"80":2,"81":2,"82":1,"83":1,"84":1,"85":1,"86":1,"87":1,"88":1,"89":0,"90":1,"91":1,"92":3,"93":3,"94":3,"95":0,"96":3,"97":3,"98":1,"99":2,"100":2,"101":1,"102":1,"103":1,"104":1,"105":2,"106":2,"107":2,"108":0,"109":1},"f":{"0":4,"1":4,"2":4,"3":4,"4":3,"5":3,"6":2,"7":2,"8":2,"9":2,"10":3,"11":3},"b":{"0":[0],"1":[0],"2":[1],"3":[1],"4":[1],"5":[3],"6":[1],"7":[1],"8":[2],"9":[1],"10":[1],"11":[1],"12":[1],"13":[0],"14":[3,3],"15":[1],"16":[1],"17":[2]}}
,"/home/r4him/Desktop/github-portfolio/dz-stores-db/src/utils/apiError.ts": {"path":"/home/r4him/Desktop/github-portfolio/dz-stores-db/src/utils/apiError.ts","statementMap":{"0":{"start":{"line":7,"column":4},"end":{"line":7,"column":19}},"1":{"start":{"line":8,"column":4},"end":{"line":8,"column":33}},"2":{"start":{"line":9,"column":4},"end":{"line":9,"column":69}},"3":{"start":{"line":10,"column":4},"end":{"line":10,"column":30}},"4":{"start":{"line":1,"column":0},"end":{"line":1,"column":13}}},"fnMap":{"0":{"name":"(anonymous_0)","decl":{"start":{"line":6,"column":2},"end":{"line":6,"column":14}},"loc":{"start":{"line":6,"column":49},"end":{"line":11,"column":3}}}},"branchMap":{"0":{"loc":{"start":{"line":9,"column":18},"end":{"line":9,"column":68}},"type":"cond-expr","locations":[{"start":{"line":9,"column":52},"end":{"line":9,"column":58}},{"start":{"line":9,"column":61},"end":{"line":9,"column":68}}]}},"s":{"0":12,"1":12,"2":12,"3":12,"4":2},"f":{"0":12},"b":{"0":[8,4]}}
,"/home/r4him/Desktop/github-portfolio/dz-stores-db/src/utils/jwt.utils.ts": {"path":"/home/r4him/Desktop/github-portfolio/dz-stores-db/src/utils/jwt.utils.ts","statementMap":{"0":{"start":{"line":1,"column":0},"end":{"line":1,"column":49}},"1":{"start":{"line":2,"column":0},"end":{"line":2,"column":30}},"2":{"start":{"line":3,"column":0},"end":{"line":3,"column":20}},"3":{"start":{"line":4,"column":0},"end":{"line":4,"column":24}},"4":{"start":{"line":10,"column":19},"end":{"line":12,"column":null}},"5":{"start":{"line":15,"column":18},"end":{"line":17,"column":null}},"6":{"start":{"line":20,"column":31},"end":{"line":22,"column":null}},"7":{"start":{"line":24,"column":30},"end":{"line":26,"column":null}},"8":{"start":{"line":30,"column":16},"end":{"line":33,"column":4}},"9":{"start":{"line":34,"column":2},"end":{"line":34,"column":15}},"10":{"start":{"line":29,"column":0},"end":{"line":29,"column":16}},"11":{"start":{"line":38,"column":2},"end":{"line":50,"column":4}},"12":{"start":{"line":43,"column":6},"end":{"line":48,"column":7}},"13":{"start":{"line":44,"column":8},"end":{"line":44,"column":28}},"14":{"start":{"line":45,"column":8},"end":{"line":45,"column":47}},"15":{"start":{"line":47,"column":8},"end":{"line":47,"column":56}},"16":{"start":{"line":37,"column":0},"end":{"line":37,"column":16}},"17":{"start":{"line":54,"column":2},"end":{"line":57,"column":5}},"18":{"start":{"line":53,"column":0},"end":{"line":53,"column":16}},"19":{"start":{"line":61,"column":18},"end":{"line":63,"column":4}},"20":{"start":{"line":64,"column":2},"end":{"line":64,"column":50}},"21":{"start":{"line":60,"column":0},"end":{"line":60,"column":16}}},"fnMap":{"0":{"name":"signJwt","decl":{"start":{"line":29,"column":16},"end":{"line":29,"column":23}},"loc":{"start":{"line":29,"column":44},"end":{"line":35,"column":1}}},"1":{"name":"verifyJwt","decl":{"start":{"line":37,"column":16},"end":{"line":37,"column":25}},"loc":{"start":{"line":37,"column":39},"end":{"line":51,"column":1}}},"2":{"name":"(anonymous_3)","decl":{"start":{"line":42,"column":4},"end":{"line":42,"column":5}},"loc":{"start":{"line":42,"column":61},"end":{"line":49,"column":5}}},"3":{"name":"signRefreshToken","decl":{"start":{"line":53,"column":16},"end":{"line":53,"column":32}},"loc":{"start":{"line":53,"column":53},"end":{"line":58,"column":1}}},"4":{"name":"verifyRefreshToken","decl":{"start":{"line":60,"column":16},"end":{"line":60,"column":34}},"loc":{"start":{"line":60,"column":48},"end":{"line":65,"column":1}}}},"branchMap":{"0":{"loc":{"start":{"line":43,"column":6},"end":{"line":48,"column":7}},"type":"if","locations":[{"start":{"line":43,"column":6},"end":{"line":48,"column":7}},{"start":{"line":46,"column":13},"end":{"line":48,"column":7}}]}},"s":{"0":1,"1":1,"2":1,"3":1,"4":1,"5":1,"6":1,"7":1,"8":0,"9":0,"10":1,"11":0,"12":0,"13":0,"14":0,"15":0,"16":1,"17":0,"18":1,"19":0,"20":0,"21":1},"f":{"0":0,"1":0,"2":0,"3":0,"4":0},"b":{"0":[0,0]}}
,"/home/r4him/Desktop/github-portfolio/dz-stores-db/src/utils/logger.ts": {"path":"/home/r4him/Desktop/github-portfolio/dz-stores-db/src/utils/logger.ts","statementMap":{"0":{"start":{"line":1,"column":0},"end":{"line":1,"column":26}},"1":{"start":{"line":3,"column":12},"end":{"line":14,"column":2}},"2":{"start":{"line":16,"column":0},"end":{"line":16,"column":19}}},"fnMap":{},"branchMap":{},"s":{"0":1,"1":1,"2":1},"f":{},"b":{}}
,"/home/r4him/Desktop/github-portfolio/dz-stores-db/src/utils/mailer.ts": {"path":"/home/r4him/Desktop/github-portfolio/dz-stores-db/src/utils/mailer.ts","statementMap":{"0":{"start":{"line":1,"column":0},"end":{"line":1,"column":53}},"1":{"start":{"line":2,"column":0},"end":{"line":2,"column":30}},"2":{"start":{"line":3,"column":0},"end":{"line":3,"column":38}},"3":{"start":{"line":4,"column":0},"end":{"line":4,"column":28}},"4":{"start":{"line":5,"column":0},"end":{"line":5,"column":null}},"5":{"start":{"line":14,"column":33},"end":{"line":25,"column":2}},"6":{"start":{"line":45,"column":35},"end":{"line":73,"column":2}},"7":{"start":{"line":49,"column":4},"end":{"line":73,"column":2}},"8":{"start":{"line":50,"column":24},"end":{"line":56,"column":3}},"9":{"start":{"line":51,"column":4},"end":{"line":55,"column":6}},"10":{"start":{"line":58,"column":22},"end":{"line":63,"column":4}},"11":{"start":{"line":65,"column":2},"end":{"line":72,"column":3}},"12":{"start":{"line":66,"column":4},"end":{"line":66,"column":44}},"13":{"start":{"line":67,"column":4},"end":{"line":67,"column":53}},"14":{"start":{"line":69,"column":4},"end":{"line":69,"column":47}},"15":{"start":{"line":70,"column":4},"end":{"line":70,"column":22}},"16":{"start":{"line":71,"column":4},"end":{"line":71,"column":53}},"17":{"start":{"line":45,"column":13},"end":{"line":45,"column":35}},"18":{"start":{"line":84,"column":35},"end":{"line":111,"column":2}},"19":{"start":{"line":88,"column":4},"end":{"line":111,"column":2}},"20":{"start":{"line":89,"column":24},"end":{"line":95,"column":3}},"21":{"start":{"line":90,"column":4},"end":{"line":94,"column":6}},"22":{"start":{"line":97,"column":22},"end":{"line":102,"column":4}},"23":{"start":{"line":104,"column":2},"end":{"line":110,"column":3}},"24":{"start":{"line":105,"column":4},"end":{"line":105,"column":44}},"25":{"start":{"line":106,"column":4},"end":{"line":106,"column":52}},"26":{"start":{"line":108,"column":4},"end":{"line":108,"column":22}},"27":{"start":{"line":109,"column":4},"end":{"line":109,"column":53}},"28":{"start":{"line":84,"column":13},"end":{"line":84,"column":35}},"29":{"start":{"line":124,"column":37},"end":{"line":149,"column":2}},"30":{"start":{"line":127,"column":4},"end":{"line":149,"column":2}},"31":{"start":{"line":128,"column":24},"end":{"line":133,"column":3}},"32":{"start":{"line":129,"column":4},"end":{"line":132,"column":6}},"33":{"start":{"line":135,"column":22},"end":{"line":140,"column":4}},"34":{"start":{"line":142,"column":2},"end":{"line":148,"column":3}},"35":{"start":{"line":143,"column":4},"end":{"line":143,"column":44}},"36":{"start":{"line":144,"column":4},"end":{"line":144,"column":52}},"37":{"start":{"line":146,"column":4},"end":{"line":146,"column":22}},"38":{"start":{"line":147,"column":4},"end":{"line":147,"column":53}},"39":{"start":{"line":124,"column":13},"end":{"line":124,"column":37}}},"fnMap":{"0":{"name":"(anonymous_8)","decl":{"start":{"line":45,"column":35},"end":{"line":45,"column":null}},"loc":{"start":{"line":49,"column":4},"end":{"line":73,"column":2}}},"1":{"name":"(anonymous_9)","decl":{"start":{"line":49,"column":4},"end":{"line":49,"column":null}},"loc":{"start":{"line":49,"column":4},"end":{"line":73,"column":1}}},"2":{"name":"(anonymous_10)","decl":{"start":{"line":50,"column":24},"end":{"line":50,"column":25}},"loc":{"start":{"line":50,"column":78},"end":{"line":56,"column":3}}},"3":{"name":"(anonymous_11)","decl":{"start":{"line":84,"column":35},"end":{"line":84,"column":null}},"loc":{"start":{"line":88,"column":4},"end":{"line":111,"column":2}}},"4":{"name":"(anonymous_12)","decl":{"start":{"line":88,"column":4},"end":{"line":88,"column":null}},"loc":{"start":{"line":88,"column":4},"end":{"line":111,"column":1}}},"5":{"name":"(anonymous_13)","decl":{"start":{"line":89,"column":24},"end":{"line":89,"column":25}},"loc":{"start":{"line":89,"column":78},"end":{"line":95,"column":3}}},"6":{"name":"(anonymous_14)","decl":{"start":{"line":124,"column":37},"end":{"line":124,"column":null}},"loc":{"start":{"line":127,"column":4},"end":{"line":149,"column":2}}},"7":{"name":"(anonymous_15)","decl":{"start":{"line":127,"column":4},"end":{"line":127,"column":null}},"loc":{"start":{"line":127,"column":4},"end":{"line":149,"column":1}}},"8":{"name":"(anonymous_16)","decl":{"start":{"line":128,"column":24},"end":{"line":128,"column":25}},"loc":{"start":{"line":128,"column":45},"end":{"line":133,"column":3}}}},"branchMap":{},"s":{"0":1,"1":1,"2":1,"3":1,"4":1,"5":1,"6":1,"7":0,"8":0,"9":0,"10":0,"11":0,"12":0,"13":0,"14":0,"15":0,"16":0,"17":1,"18":1,"19":0,"20":0,"21":0,"22":0,"23":0,"24":0,"25":0,"26":0,"27":0,"28":1,"29":1,"30":0,"31":0,"32":0,"33":0,"34":0,"35":0,"36":0,"37":0,"38":0,"39":1},"f":{"0":0,"1":0,"2":0,"3":0,"4":0,"5":0,"6":0,"7":0,"8":0},"b":{}}
}
