TN:
SF:src/models/user.model.ts
FN:87,(anonymous_8)
FNF:1
FNH:0
FNDA:0,(anonymous_8)
DA:1,1
DA:2,1
DA:33,1
DA:87,1
DA:88,0
DA:89,0
DA:91,0
DA:92,0
DA:93,0
DA:94,0
DA:96,0
DA:100,1
DA:101,1
LF:13
LH:6
BRDA:88,0,0,0
BRDA:92,1,0,0
BRDA:92,1,1,0
BRF:3
BRH:0
end_of_record
TN:
SF:src/services/auth.service.ts
FN:31,(anonymous_8)
FN:33,(anonymous_9)
FN:82,(anonymous_10)
FN:84,(anonymous_11)
FN:136,(anonymous_12)
FN:138,(anonymous_13)
FN:182,(anonymous_14)
FN:184,(anonymous_15)
FN:225,(anonymous_16)
FN:228,(anonymous_17)
FN:270,(anonymous_18)
FN:270,(anonymous_19)
FNF:12
FNH:12
FNDA:3,(anonymous_8)
FNDA:3,(anonymous_9)
FNDA:4,(anonymous_10)
FNDA:4,(anonymous_11)
FNDA:3,(anonymous_12)
FNDA:3,(anonymous_13)
FNDA:2,(anonymous_14)
FNDA:2,(anonymous_15)
FNDA:2,(anonymous_16)
FNDA:2,(anonymous_17)
FNDA:3,(anonymous_18)
FNDA:3,(anonymous_19)
DA:1,1
DA:2,1
DA:3,1
DA:5,1
DA:10,1
DA:11,1
DA:12,1
DA:31,1
DA:33,3
DA:34,3
DA:35,3
DA:36,2
DA:38,2
DA:39,2
DA:41,2
DA:49,2
DA:55,1
DA:57,2
DA:61,2
DA:64,2
DA:65,2
DA:82,1
DA:84,4
DA:85,4
DA:86,4
DA:87,4
DA:88,1
DA:91,3
DA:92,3
DA:93,1
DA:96,2
DA:97,1
DA:103,1
DA:104,1
DA:106,1
DA:112,3
DA:115,3
DA:116,0
DA:136,1
DA:138,3
DA:139,3
DA:140,3
DA:145,3
DA:146,1
DA:149,2
DA:150,1
DA:153,1
DA:154,1
DA:156,1
DA:158,2
DA:161,2
DA:162,0
DA:182,1
DA:184,2
DA:185,2
DA:186,2
DA:187,2
DA:189,1
DA:190,1
DA:192,1
DA:193,1
DA:195,1
DA:197,1
DA:199,1
DA:201,1
DA:204,1
DA:205,0
DA:225,1
DA:228,2
DA:229,2
DA:230,2
DA:237,2
DA:238,1
DA:241,1
DA:242,1
DA:244,1
DA:246,1
DA:249,1
DA:250,0
DA:270,3
DA:271,3
DA:272,3
DA:273,0
DA:276,3
DA:277,3
DA:278,1
DA:281,2
DA:282,2
DA:283,1
DA:286,1
DA:287,1
DA:289,1
DA:291,2
DA:294,2
DA:295,0
LF:95
LH:89
BRDA:39,0,0,0
BRDA:61,1,0,0
BRDA:87,2,0,1
BRDA:92,3,0,1
BRDA:96,4,0,1
BRDA:115,5,0,3
BRDA:145,6,0,1
BRDA:149,7,0,1
BRDA:161,8,0,2
BRDA:187,9,0,1
BRDA:204,10,0,1
BRDA:237,11,0,1
BRDA:249,12,0,1
BRDA:272,13,0,0
BRDA:272,14,0,3
BRDA:272,14,1,3
BRDA:277,15,0,1
BRDA:282,16,0,1
BRDA:294,17,0,2
BRF:19
BRH:16
end_of_record
TN:
SF:src/utils/apiError.ts
FN:6,(anonymous_0)
FNF:1
FNH:0
FNDA:0,(anonymous_0)
DA:1,1
DA:7,0
DA:8,0
DA:9,0
DA:10,0
LF:5
LH:1
BRDA:9,0,0,0
BRDA:9,0,1,0
BRF:2
BRH:0
end_of_record
TN:
SF:src/utils/jwt.utils.ts
FN:29,signJwt
FN:37,verifyJwt
FN:42,(anonymous_3)
FN:53,signRefreshToken
FN:60,verifyRefreshToken
FNF:5
FNH:0
FNDA:0,signJwt
FNDA:0,verifyJwt
FNDA:0,(anonymous_3)
FNDA:0,signRefreshToken
FNDA:0,verifyRefreshToken
DA:1,1
DA:2,1
DA:3,1
DA:4,1
DA:10,1
DA:15,1
DA:20,1
DA:24,1
DA:29,1
DA:30,0
DA:34,0
DA:37,1
DA:38,0
DA:43,0
DA:44,0
DA:45,0
DA:47,0
DA:53,1
DA:54,0
DA:60,1
DA:61,0
DA:64,0
LF:22
LH:12
BRDA:43,0,0,0
BRDA:43,0,1,0
BRF:2
BRH:0
end_of_record
TN:
SF:src/utils/logger.ts
FNF:0
FNH:0
DA:1,1
DA:3,1
DA:16,1
LF:3
LH:3
BRF:0
BRH:0
end_of_record
TN:
SF:src/utils/mailer.ts
FN:45,(anonymous_8)
FN:49,(anonymous_9)
FN:50,(anonymous_10)
FN:84,(anonymous_11)
FN:88,(anonymous_12)
FN:89,(anonymous_13)
FN:124,(anonymous_14)
FN:127,(anonymous_15)
FN:128,(anonymous_16)
FNF:9
FNH:0
FNDA:0,(anonymous_8)
FNDA:0,(anonymous_9)
FNDA:0,(anonymous_10)
FNDA:0,(anonymous_11)
FNDA:0,(anonymous_12)
FNDA:0,(anonymous_13)
FNDA:0,(anonymous_14)
FNDA:0,(anonymous_15)
FNDA:0,(anonymous_16)
DA:1,1
DA:2,1
DA:3,1
DA:4,1
DA:5,1
DA:14,1
DA:45,1
DA:49,0
DA:50,0
DA:51,0
DA:58,0
DA:65,0
DA:66,0
DA:67,0
DA:69,0
DA:70,0
DA:71,0
DA:84,1
DA:88,0
DA:89,0
DA:90,0
DA:97,0
DA:104,0
DA:105,0
DA:106,0
DA:108,0
DA:109,0
DA:124,1
DA:127,0
DA:128,0
DA:129,0
DA:135,0
DA:142,0
DA:143,0
DA:144,0
DA:146,0
DA:147,0
LF:37
LH:9
BRF:0
BRH:0
end_of_record
